#! /c/Source/iverilog-install/bin/vvp
:ivl_version "12.0 (devel)" "(s20150603-1539-g2693dd32b)";
:ivl_delay_selection "TYPICAL";
:vpi_time_precision - 9;
:vpi_module "C:\iverilog\lib\ivl\system.vpi";
:vpi_module "C:\iverilog\lib\ivl\vhdl_sys.vpi";
:vpi_module "C:\iverilog\lib\ivl\vhdl_textio.vpi";
:vpi_module "C:\iverilog\lib\ivl\v2005_math.vpi";
:vpi_module "C:\iverilog\lib\ivl\va_math.vpi";
S_000002627d1c4650 .scope module, "vending_machine_tb" "vending_machine_tb" 2 4;
 .timescale -9 -9;
v000002627d1b4680_0 .net "change", 1 0, v000002627d183140_0;  1 drivers
v000002627d1b4720_0 .var "clk", 0 0;
v000002627d1b47c0_0 .var "in", 1 0;
v000002627d1b4860_0 .net "out", 0 0, v000002627d1b4540_0;  1 drivers
v000002627d1b4900_0 .var "rst", 0 0;
S_000002627d1c47e0 .scope module, "uut" "vending_machine" 2 11, 3 3 0, S_000002627d1c4650;
 .timescale -9 -9;
    .port_info 0 /INPUT 1 "clk";
    .port_info 1 /INPUT 1 "rst";
    .port_info 2 /INPUT 2 "in";
    .port_info 3 /OUTPUT 1 "out";
    .port_info 4 /OUTPUT 2 "change";
P_000002627d1c4970 .param/l "S0" 0 3 12, C4<00>;
P_000002627d1c49a8 .param/l "S1" 0 3 13, C4<01>;
P_000002627d1c49e0 .param/l "S2" 0 3 14, C4<10>;
v000002627d1c4a20_0 .var "c_state", 1 0;
v000002627d183140_0 .var "change", 1 0;
v000002627d1a9710_0 .net "clk", 0 0, v000002627d1b4720_0;  1 drivers
v000002627d1a97b0_0 .net "in", 1 0, v000002627d1b47c0_0;  1 drivers
v000002627d1b44a0_0 .var "n_state", 1 0;
v000002627d1b4540_0 .var "out", 0 0;
v000002627d1b45e0_0 .net "rst", 0 0, v000002627d1b4900_0;  1 drivers
E_000002627d1a7310 .event anyedge, v000002627d1c4a20_0, v000002627d1a97b0_0;
E_000002627d1a7250 .event posedge, v000002627d1b45e0_0, v000002627d1a9710_0;
    .scope S_000002627d1c47e0;
T_0 ;
    %wait E_000002627d1a7250;
    %load/vec4 v000002627d1b45e0_0;
    %flag_set/vec4 8;
    %jmp/0xz  T_0.0, 8;
    %pushi/vec4 0, 0, 2;
    %assign/vec4 v000002627d1c4a20_0, 0;
    %pushi/vec4 0, 0, 1;
    %assign/vec4 v000002627d1b4540_0, 0;
    %pushi/vec4 0, 0, 2;
    %assign/vec4 v000002627d183140_0, 0;
    %jmp T_0.1;
T_0.0 ;
    %load/vec4 v000002627d1b44a0_0;
    %assign/vec4 v000002627d1c4a20_0, 0;
    %load/vec4 v000002627d1c4a20_0;
    %dup/vec4;
    %pushi/vec4 0, 0, 2;
    %cmp/u;
    %jmp/1 T_0.2, 6;
    %dup/vec4;
    %pushi/vec4 1, 0, 2;
    %cmp/u;
    %jmp/1 T_0.3, 6;
    %dup/vec4;
    %pushi/vec4 2, 0, 2;
    %cmp/u;
    %jmp/1 T_0.4, 6;
    %jmp T_0.5;
T_0.2 ;
    %load/vec4 v000002627d1a97b0_0;
    %cmpi/e 0, 0, 2;
    %jmp/0xz  T_0.6, 4;
    %pushi/vec4 0, 0, 1;
    %assign/vec4 v000002627d1b4540_0, 0;
    %pushi/vec4 0, 0, 2;
    %assign/vec4 v000002627d183140_0, 0;
    %jmp T_0.7;
T_0.6 ;
    %load/vec4 v000002627d1a97b0_0;
    %cmpi/e 1, 0, 2;
    %jmp/0xz  T_0.8, 4;
    %pushi/vec4 0, 0, 1;
    %assign/vec4 v000002627d1b4540_0, 0;
    %pushi/vec4 0, 0, 2;
    %assign/vec4 v000002627d183140_0, 0;
    %jmp T_0.9;
T_0.8 ;
    %load/vec4 v000002627d1a97b0_0;
    %cmpi/e 2, 0, 2;
    %jmp/0xz  T_0.10, 4;
    %pushi/vec4 0, 0, 1;
    %assign/vec4 v000002627d1b4540_0, 0;
    %pushi/vec4 0, 0, 2;
    %assign/vec4 v000002627d183140_0, 0;
T_0.10 ;
T_0.9 ;
T_0.7 ;
    %jmp T_0.5;
T_0.3 ;
    %load/vec4 v000002627d1a97b0_0;
    %cmpi/e 0, 0, 2;
    %jmp/0xz  T_0.12, 4;
    %pushi/vec4 0, 0, 1;
    %assign/vec4 v000002627d1b4540_0, 0;
    %pushi/vec4 1, 0, 2;
    %assign/vec4 v000002627d183140_0, 0;
    %jmp T_0.13;
T_0.12 ;
    %load/vec4 v000002627d1a97b0_0;
    %cmpi/e 1, 0, 2;
    %jmp/0xz  T_0.14, 4;
    %pushi/vec4 0, 0, 1;
    %assign/vec4 v000002627d1b4540_0, 0;
    %pushi/vec4 0, 0, 2;
    %assign/vec4 v000002627d183140_0, 0;
    %jmp T_0.15;
T_0.14 ;
    %load/vec4 v000002627d1a97b0_0;
    %cmpi/e 2, 0, 2;
    %jmp/0xz  T_0.16, 4;
    %pushi/vec4 1, 0, 1;
    %assign/vec4 v000002627d1b4540_0, 0;
    %pushi/vec4 0, 0, 2;
    %assign/vec4 v000002627d183140_0, 0;
T_0.16 ;
T_0.15 ;
T_0.13 ;
    %jmp T_0.5;
T_0.4 ;
    %load/vec4 v000002627d1a97b0_0;
    %cmpi/e 0, 0, 2;
    %jmp/0xz  T_0.18, 4;
    %pushi/vec4 0, 0, 1;
    %assign/vec4 v000002627d1b4540_0, 0;
    %pushi/vec4 2, 0, 2;
    %assign/vec4 v000002627d183140_0, 0;
    %jmp T_0.19;
T_0.18 ;
    %load/vec4 v000002627d1a97b0_0;
    %cmpi/e 1, 0, 2;
    %jmp/0xz  T_0.20, 4;
    %pushi/vec4 1, 0, 1;
    %assign/vec4 v000002627d1b4540_0, 0;
    %pushi/vec4 0, 0, 2;
    %assign/vec4 v000002627d183140_0, 0;
    %jmp T_0.21;
T_0.20 ;
    %load/vec4 v000002627d1a97b0_0;
    %cmpi/e 2, 0, 2;
    %jmp/0xz  T_0.22, 4;
    %pushi/vec4 1, 0, 1;
    %assign/vec4 v000002627d1b4540_0, 0;
    %pushi/vec4 1, 0, 2;
    %assign/vec4 v000002627d183140_0, 0;
T_0.22 ;
T_0.21 ;
T_0.19 ;
    %jmp T_0.5;
T_0.5 ;
    %pop/vec4 1;
T_0.1 ;
    %jmp T_0;
    .thread T_0;
    .scope S_000002627d1c47e0;
T_1 ;
    %wait E_000002627d1a7310;
    %load/vec4 v000002627d1c4a20_0;
    %store/vec4 v000002627d1b44a0_0, 0, 2;
    %load/vec4 v000002627d1c4a20_0;
    %dup/vec4;
    %pushi/vec4 0, 0, 2;
    %cmp/u;
    %jmp/1 T_1.0, 6;
    %dup/vec4;
    %pushi/vec4 1, 0, 2;
    %cmp/u;
    %jmp/1 T_1.1, 6;
    %dup/vec4;
    %pushi/vec4 2, 0, 2;
    %cmp/u;
    %jmp/1 T_1.2, 6;
    %jmp T_1.3;
T_1.0 ;
    %load/vec4 v000002627d1a97b0_0;
    %cmpi/e 0, 0, 2;
    %jmp/0xz  T_1.4, 4;
    %pushi/vec4 0, 0, 2;
    %store/vec4 v000002627d1b44a0_0, 0, 2;
    %jmp T_1.5;
T_1.4 ;
    %load/vec4 v000002627d1a97b0_0;
    %cmpi/e 1, 0, 2;
    %jmp/0xz  T_1.6, 4;
    %pushi/vec4 1, 0, 2;
    %store/vec4 v000002627d1b44a0_0, 0, 2;
    %jmp T_1.7;
T_1.6 ;
    %load/vec4 v000002627d1a97b0_0;
    %cmpi/e 2, 0, 2;
    %jmp/0xz  T_1.8, 4;
    %pushi/vec4 2, 0, 2;
    %store/vec4 v000002627d1b44a0_0, 0, 2;
T_1.8 ;
T_1.7 ;
T_1.5 ;
    %jmp T_1.3;
T_1.1 ;
    %load/vec4 v000002627d1a97b0_0;
    %cmpi/e 0, 0, 2;
    %jmp/0xz  T_1.10, 4;
    %pushi/vec4 0, 0, 2;
    %store/vec4 v000002627d1b44a0_0, 0, 2;
    %jmp T_1.11;
T_1.10 ;
    %load/vec4 v000002627d1a97b0_0;
    %cmpi/e 1, 0, 2;
    %jmp/0xz  T_1.12, 4;
    %pushi/vec4 2, 0, 2;
    %store/vec4 v000002627d1b44a0_0, 0, 2;
    %jmp T_1.13;
T_1.12 ;
    %load/vec4 v000002627d1a97b0_0;
    %cmpi/e 2, 0, 2;
    %jmp/0xz  T_1.14, 4;
    %pushi/vec4 0, 0, 2;
    %store/vec4 v000002627d1b44a0_0, 0, 2;
T_1.14 ;
T_1.13 ;
T_1.11 ;
    %jmp T_1.3;
T_1.2 ;
    %load/vec4 v000002627d1a97b0_0;
    %cmpi/e 0, 0, 2;
    %jmp/0xz  T_1.16, 4;
    %pushi/vec4 0, 0, 2;
    %store/vec4 v000002627d1b44a0_0, 0, 2;
    %jmp T_1.17;
T_1.16 ;
    %load/vec4 v000002627d1a97b0_0;
    %cmpi/e 1, 0, 2;
    %jmp/0xz  T_1.18, 4;
    %pushi/vec4 0, 0, 2;
    %store/vec4 v000002627d1b44a0_0, 0, 2;
    %jmp T_1.19;
T_1.18 ;
    %load/vec4 v000002627d1a97b0_0;
    %cmpi/e 2, 0, 2;
    %jmp/0xz  T_1.20, 4;
    %pushi/vec4 0, 0, 2;
    %store/vec4 v000002627d1b44a0_0, 0, 2;
T_1.20 ;
T_1.19 ;
T_1.17 ;
    %jmp T_1.3;
T_1.3 ;
    %pop/vec4 1;
    %jmp T_1;
    .thread T_1, $push;
    .scope S_000002627d1c4650;
T_2 ;
    %vpi_call 2 14 "$dumpfile", "vending_machine.vcd" {0 0 0};
    %vpi_call 2 15 "$dumpvars", 32'sb00000000000000000000000000000000, S_000002627d1c4650 {0 0 0};
    %vpi_call 2 17 "$monitor", "time: %0t || clk: %0b || rst: %0b || in: %b || out: %b || change: %b", $time, v000002627d1b4720_0, v000002627d1b4900_0, v000002627d1b47c0_0, v000002627d1b4860_0, v000002627d1b4680_0 {0 0 0};
    %pushi/vec4 0, 0, 1;
    %store/vec4 v000002627d1b4720_0, 0, 1;
    %pushi/vec4 1, 0, 1;
    %store/vec4 v000002627d1b4900_0, 0, 1;
    %pushi/vec4 0, 0, 2;
    %store/vec4 v000002627d1b47c0_0, 0, 2;
    %delay 6, 0;
    %pushi/vec4 0, 0, 1;
    %store/vec4 v000002627d1b4900_0, 0, 1;
    %pushi/vec4 1, 0, 2;
    %store/vec4 v000002627d1b47c0_0, 0, 2;
    %delay 10, 0;
    %pushi/vec4 1, 0, 2;
    %store/vec4 v000002627d1b47c0_0, 0, 2;
    %delay 10, 0;
    %pushi/vec4 1, 0, 2;
    %store/vec4 v000002627d1b47c0_0, 0, 2;
    %delay 10, 0;
    %pushi/vec4 0, 0, 2;
    %store/vec4 v000002627d1b47c0_0, 0, 2;
    %delay 10, 0;
    %pushi/vec4 2, 0, 2;
    %store/vec4 v000002627d1b47c0_0, 0, 2;
    %delay 10, 0;
    %pushi/vec4 1, 0, 2;
    %store/vec4 v000002627d1b47c0_0, 0, 2;
    %delay 10, 0;
    %pushi/vec4 2, 0, 2;
    %store/vec4 v000002627d1b47c0_0, 0, 2;
    %delay 10, 0;
    %pushi/vec4 2, 0, 2;
    %store/vec4 v000002627d1b47c0_0, 0, 2;
    %delay 20, 0;
    %vpi_call 2 32 "$finish" {0 0 0};
    %end;
    .thread T_2;
    .scope S_000002627d1c4650;
T_3 ;
    %delay 5, 0;
    %load/vec4 v000002627d1b4720_0;
    %inv;
    %store/vec4 v000002627d1b4720_0, 0, 1;
    %jmp T_3;
    .thread T_3;
# The file index is used to find the file name in the following table.
:file_names 4;
    "N/A";
    "<interactive>";
    "vending_machine_tb.v";
    "./vending_machine.v";
