#! /c/Source/iverilog-install/bin/vvp
:ivl_version "12.0 (devel)" "(s20150603-1539-g2693dd32b)";
:ivl_delay_selection "TYPICAL";
:vpi_time_precision + 0;
:vpi_module "C:\iverilog\lib\ivl\system.vpi";
:vpi_module "C:\iverilog\lib\ivl\vhdl_sys.vpi";
:vpi_module "C:\iverilog\lib\ivl\vhdl_textio.vpi";
:vpi_module "C:\iverilog\lib\ivl\v2005_math.vpi";
:vpi_module "C:\iverilog\lib\ivl\va_math.vpi";
S_0000021f77a82df0 .scope module, "vending_machine" "vending_machine" 2 3;
 .timescale 0 0;
    .port_info 0 /INPUT 1 "clk";
    .port_info 1 /INPUT 1 "rst";
    .port_info 2 /INPUT 2 "in";
    .port_info 3 /OUTPUT 1 "out";
    .port_info 4 /OUTPUT 2 "change";
P_0000021f77a82f80 .param/l "S0" 0 2 12, C4<00>;
P_0000021f77a82fb8 .param/l "S1" 0 2 13, C4<01>;
P_0000021f77a82ff0 .param/l "S2" 0 2 14, C4<10>;
v0000021f77a83030_0 .var "c_state", 1 0;
v0000021f77b0bf30_0 .var "change", 1 0;
o0000021f77ac6708 .functor BUFZ 1, C4<z>; HiZ drive
v0000021f77a830d0_0 .net "clk", 0 0, o0000021f77ac6708;  0 drivers
o0000021f77ac6738 .functor BUFZ 2, C4<zz>; HiZ drive
v0000021f77ab38e0_0 .net "in", 1 0, o0000021f77ac6738;  0 drivers
v0000021f77ab3980_0 .var "n_state", 1 0;
v0000021f77ab3a20_0 .var "out", 0 0;
o0000021f77ac67c8 .functor BUFZ 1, C4<z>; HiZ drive
v0000021f77ab3ac0_0 .net "rst", 0 0, o0000021f77ac67c8;  0 drivers
E_0000021f77a69be0 .event anyedge, v0000021f77a83030_0, v0000021f77ab38e0_0;
E_0000021f77a69420 .event posedge, v0000021f77ab3ac0_0, v0000021f77a830d0_0;
    .scope S_0000021f77a82df0;
T_0 ;
    %wait E_0000021f77a69420;
    %load/vec4 v0000021f77ab3ac0_0;
    %flag_set/vec4 8;
    %jmp/0xz  T_0.0, 8;
    %pushi/vec4 0, 0, 2;
    %assign/vec4 v0000021f77a83030_0, 0;
    %pushi/vec4 0, 0, 1;
    %assign/vec4 v0000021f77ab3a20_0, 0;
    %pushi/vec4 0, 0, 2;
    %assign/vec4 v0000021f77b0bf30_0, 0;
    %jmp T_0.1;
T_0.0 ;
    %load/vec4 v0000021f77ab3980_0;
    %assign/vec4 v0000021f77a83030_0, 0;
    %load/vec4 v0000021f77a83030_0;
    %dup/vec4;
    %pushi/vec4 0, 0, 2;
    %cmp/u;
    %jmp/1 T_0.2, 6;
    %dup/vec4;
    %pushi/vec4 1, 0, 2;
    %cmp/u;
    %jmp/1 T_0.3, 6;
    %dup/vec4;
    %pushi/vec4 2, 0, 2;
    %cmp/u;
    %jmp/1 T_0.4, 6;
    %jmp T_0.5;
T_0.2 ;
    %load/vec4 v0000021f77ab38e0_0;
    %cmpi/e 0, 0, 2;
    %jmp/0xz  T_0.6, 4;
    %pushi/vec4 0, 0, 1;
    %assign/vec4 v0000021f77ab3a20_0, 0;
    %pushi/vec4 0, 0, 2;
    %assign/vec4 v0000021f77b0bf30_0, 0;
    %jmp T_0.7;
T_0.6 ;
    %load/vec4 v0000021f77ab38e0_0;
    %cmpi/e 1, 0, 2;
    %jmp/0xz  T_0.8, 4;
    %pushi/vec4 0, 0, 1;
    %assign/vec4 v0000021f77ab3a20_0, 0;
    %pushi/vec4 0, 0, 2;
    %assign/vec4 v0000021f77b0bf30_0, 0;
    %jmp T_0.9;
T_0.8 ;
    %load/vec4 v0000021f77ab38e0_0;
    %cmpi/e 2, 0, 2;
    %jmp/0xz  T_0.10, 4;
    %pushi/vec4 0, 0, 1;
    %assign/vec4 v0000021f77ab3a20_0, 0;
    %pushi/vec4 0, 0, 2;
    %assign/vec4 v0000021f77b0bf30_0, 0;
T_0.10 ;
T_0.9 ;
T_0.7 ;
    %jmp T_0.5;
T_0.3 ;
    %load/vec4 v0000021f77ab38e0_0;
    %cmpi/e 0, 0, 2;
    %jmp/0xz  T_0.12, 4;
    %pushi/vec4 0, 0, 1;
    %assign/vec4 v0000021f77ab3a20_0, 0;
    %pushi/vec4 1, 0, 2;
    %assign/vec4 v0000021f77b0bf30_0, 0;
    %jmp T_0.13;
T_0.12 ;
    %load/vec4 v0000021f77ab38e0_0;
    %cmpi/e 1, 0, 2;
    %jmp/0xz  T_0.14, 4;
    %pushi/vec4 0, 0, 1;
    %assign/vec4 v0000021f77ab3a20_0, 0;
    %pushi/vec4 0, 0, 2;
    %assign/vec4 v0000021f77b0bf30_0, 0;
    %jmp T_0.15;
T_0.14 ;
    %load/vec4 v0000021f77ab38e0_0;
    %cmpi/e 2, 0, 2;
    %jmp/0xz  T_0.16, 4;
    %pushi/vec4 1, 0, 1;
    %assign/vec4 v0000021f77ab3a20_0, 0;
    %pushi/vec4 0, 0, 2;
    %assign/vec4 v0000021f77b0bf30_0, 0;
T_0.16 ;
T_0.15 ;
T_0.13 ;
    %jmp T_0.5;
T_0.4 ;
    %load/vec4 v0000021f77ab38e0_0;
    %cmpi/e 0, 0, 2;
    %jmp/0xz  T_0.18, 4;
    %pushi/vec4 0, 0, 1;
    %assign/vec4 v0000021f77ab3a20_0, 0;
    %pushi/vec4 2, 0, 2;
    %assign/vec4 v0000021f77b0bf30_0, 0;
    %jmp T_0.19;
T_0.18 ;
    %load/vec4 v0000021f77ab38e0_0;
    %cmpi/e 1, 0, 2;
    %jmp/0xz  T_0.20, 4;
    %pushi/vec4 1, 0, 1;
    %assign/vec4 v0000021f77ab3a20_0, 0;
    %pushi/vec4 0, 0, 2;
    %assign/vec4 v0000021f77b0bf30_0, 0;
    %jmp T_0.21;
T_0.20 ;
    %load/vec4 v0000021f77ab38e0_0;
    %cmpi/e 2, 0, 2;
    %jmp/0xz  T_0.22, 4;
    %pushi/vec4 1, 0, 1;
    %assign/vec4 v0000021f77ab3a20_0, 0;
    %pushi/vec4 1, 0, 2;
    %assign/vec4 v0000021f77b0bf30_0, 0;
T_0.22 ;
T_0.21 ;
T_0.19 ;
    %jmp T_0.5;
T_0.5 ;
    %pop/vec4 1;
T_0.1 ;
    %jmp T_0;
    .thread T_0;
    .scope S_0000021f77a82df0;
T_1 ;
    %wait E_0000021f77a69be0;
    %load/vec4 v0000021f77a83030_0;
    %store/vec4 v0000021f77ab3980_0, 0, 2;
    %load/vec4 v0000021f77a83030_0;
    %dup/vec4;
    %pushi/vec4 0, 0, 2;
    %cmp/u;
    %jmp/1 T_1.0, 6;
    %dup/vec4;
    %pushi/vec4 1, 0, 2;
    %cmp/u;
    %jmp/1 T_1.1, 6;
    %dup/vec4;
    %pushi/vec4 2, 0, 2;
    %cmp/u;
    %jmp/1 T_1.2, 6;
    %pushi/vec4 0, 0, 2;
    %store/vec4 v0000021f77ab3980_0, 0, 2;
    %jmp T_1.4;
T_1.0 ;
    %load/vec4 v0000021f77ab38e0_0;
    %cmpi/e 0, 0, 2;
    %jmp/0xz  T_1.5, 4;
    %pushi/vec4 0, 0, 2;
    %store/vec4 v0000021f77ab3980_0, 0, 2;
    %jmp T_1.6;
T_1.5 ;
    %load/vec4 v0000021f77ab38e0_0;
    %cmpi/e 1, 0, 2;
    %jmp/0xz  T_1.7, 4;
    %pushi/vec4 1, 0, 2;
    %store/vec4 v0000021f77ab3980_0, 0, 2;
    %jmp T_1.8;
T_1.7 ;
    %load/vec4 v0000021f77ab38e0_0;
    %cmpi/e 2, 0, 2;
    %jmp/0xz  T_1.9, 4;
    %pushi/vec4 2, 0, 2;
    %store/vec4 v0000021f77ab3980_0, 0, 2;
T_1.9 ;
T_1.8 ;
T_1.6 ;
    %jmp T_1.4;
T_1.1 ;
    %load/vec4 v0000021f77ab38e0_0;
    %cmpi/e 0, 0, 2;
    %jmp/0xz  T_1.11, 4;
    %pushi/vec4 0, 0, 2;
    %store/vec4 v0000021f77ab3980_0, 0, 2;
    %jmp T_1.12;
T_1.11 ;
    %load/vec4 v0000021f77ab38e0_0;
    %cmpi/e 1, 0, 2;
    %jmp/0xz  T_1.13, 4;
    %pushi/vec4 2, 0, 2;
    %store/vec4 v0000021f77ab3980_0, 0, 2;
    %jmp T_1.14;
T_1.13 ;
    %load/vec4 v0000021f77ab38e0_0;
    %cmpi/e 2, 0, 2;
    %jmp/0xz  T_1.15, 4;
    %pushi/vec4 0, 0, 2;
    %store/vec4 v0000021f77ab3980_0, 0, 2;
T_1.15 ;
T_1.14 ;
T_1.12 ;
    %jmp T_1.4;
T_1.2 ;
    %load/vec4 v0000021f77ab38e0_0;
    %cmpi/e 0, 0, 2;
    %jmp/0xz  T_1.17, 4;
    %pushi/vec4 0, 0, 2;
    %store/vec4 v0000021f77ab3980_0, 0, 2;
    %jmp T_1.18;
T_1.17 ;
    %load/vec4 v0000021f77ab38e0_0;
    %cmpi/e 1, 0, 2;
    %jmp/0xz  T_1.19, 4;
    %pushi/vec4 0, 0, 2;
    %store/vec4 v0000021f77ab3980_0, 0, 2;
    %jmp T_1.20;
T_1.19 ;
    %load/vec4 v0000021f77ab38e0_0;
    %cmpi/e 2, 0, 2;
    %jmp/0xz  T_1.21, 4;
    %pushi/vec4 0, 0, 2;
    %store/vec4 v0000021f77ab3980_0, 0, 2;
T_1.21 ;
T_1.20 ;
T_1.18 ;
    %jmp T_1.4;
T_1.4 ;
    %pop/vec4 1;
    %jmp T_1;
    .thread T_1, $push;
# The file index is used to find the file name in the following table.
:file_names 3;
    "N/A";
    "<interactive>";
    "vending_machine.v";
